<?xml version="1.0" encoding="UTF-8"?>
<testng-results skipped="0" failed="0" ignored="0" total="1" passed="1">
  <reporter-output>
  </reporter-output>
  <suite name="Default suite" duration-ms="335" started-at="2017-12-25T14:35:35Z" finished-at="2017-12-25T14:35:35Z">
    <groups>
    </groups>
    <test name="Default test" duration-ms="335" started-at="2017-12-25T14:35:35Z" finished-at="2017-12-25T14:35:35Z">
      <class name="DataBaseTestingDemo.StudentDetails">
        <test-method status="PASS" signature="collectDetails()[pri:0, instance:DataBaseTestingDemo.StudentDetails@5056dfcb]" name="collectDetails" duration-ms="316" started-at="2017-12-25T20:05:35Z" finished-at="2017-12-25T20:05:35Z">
          <reporter-output>
          </reporter-output>
        </test-method> <!-- collectDetails -->
      </class> <!-- DataBaseTestingDemo.StudentDetails -->
    </test> <!-- Default test -->
  </suite> <!-- Default suite -->
</testng-results>
